<?xml version="1.0" encoding="UTF-8"?>
<!-- Generated by org.testng.reporters.JUnitReportReporter -->
<testsuite hostname="LAPTOP-IEC02OB8" name="com.internetbanking.testcases.Tcc01_logintest" tests="1" failures="0" timestamp="13 Dec 2019 13:10:21 GMT" time="1.786" errors="0">
  <testcase name="loginTest" time="1.786" classname="com.internetbanking.testcases.Tcc01_logintest"/>
</testsuite> <!-- com.internetbanking.testcases.Tcc01_logintest -->
